TN:
SF:src/index.ts
FN:7,handler
FNF:1
FNH:1
FNDA:5,handler
DA:1,1
DA:2,1
DA:3,1
DA:4,1
DA:5,1
DA:6,1
DA:7,1
DA:8,5
DA:9,5
DA:10,5
DA:11,1
DA:12,5
DA:13,1
DA:14,4
DA:15,1
DA:16,3
DA:17,1
DA:18,1
DA:19,1
DA:20,1
DA:21,1
DA:22,1
DA:23,1
LF:23
LH:23
BRDA:7,0,0,5
BRDA:7,1,0,5
BRDA:8,2,0,0
BRDA:10,3,0,2
BRDA:10,4,0,1
BRDA:12,5,0,4
BRDA:12,6,0,1
BRDA:12,7,0,1
BRDA:14,8,0,3
BRDA:14,9,0,1
BRDA:14,10,0,1
BRDA:16,11,0,2
BRDA:16,12,0,1
BRDA:16,13,0,1
BRDA:19,14,0,1
BRF:15
BRH:14
end_of_record
TN:
SF:src/repository/deleteUserRepo.ts
FN:4,deleteUserRepo
FNF:1
FNH:0
FNDA:0,deleteUserRepo
DA:1,1
DA:2,1
DA:3,1
DA:4,1
DA:5,0
DA:6,0
DA:7,0
DA:8,0
DA:9,0
DA:10,0
DA:11,0
DA:12,0
DA:13,0
DA:14,0
DA:15,0
DA:16,0
DA:17,0
DA:18,0
DA:19,0
DA:20,0
LF:20
LH:4
BRF:0
BRH:0
end_of_record
TN:
SF:src/repository/updatePasswordRepo.ts
FN:4,getUserRepo
FN:21,updatePasswordRepo
FNF:2
FNH:0
FNDA:0,getUserRepo
FNDA:0,updatePasswordRepo
DA:1,1
DA:2,1
DA:3,1
DA:4,1
DA:5,0
DA:6,0
DA:7,0
DA:8,0
DA:9,0
DA:10,0
DA:11,0
DA:12,0
DA:13,0
DA:14,0
DA:15,0
DA:16,0
DA:17,0
DA:18,0
DA:19,0
DA:20,1
DA:21,1
DA:22,0
DA:23,0
DA:24,0
DA:25,0
DA:26,0
DA:27,0
DA:28,0
DA:29,0
DA:30,0
DA:31,0
DA:32,0
DA:33,0
DA:34,0
DA:35,0
DA:36,0
DA:37,0
DA:38,0
DA:39,0
DA:40,0
DA:41,0
DA:42,0
DA:43,0
DA:44,0
LF:44
LH:6
BRF:0
BRH:0
end_of_record
TN:
SF:src/repository/uploadPhotoRepo.ts
FN:4,uploadPhotoRepo
FNF:1
FNH:0
FNDA:0,uploadPhotoRepo
DA:1,1
DA:2,1
DA:3,1
DA:4,1
DA:5,0
DA:6,0
DA:7,0
DA:8,0
DA:9,0
DA:10,0
DA:11,0
DA:12,0
DA:13,0
DA:14,0
DA:15,0
DA:16,0
DA:17,0
DA:18,0
DA:19,0
DA:20,0
DA:21,0
DA:22,0
DA:23,0
DA:24,0
DA:25,0
DA:26,0
DA:27,0
LF:27
LH:4
BRF:0
BRH:0
end_of_record
TN:
SF:src/user/deleteUser.ts
FN:5,deleteUser
FNF:1
FNH:1
FNDA:4,deleteUser
DA:1,1
DA:2,1
DA:3,1
DA:4,1
DA:5,1
DA:6,4
DA:7,4
DA:8,4
DA:9,4
DA:10,4
DA:11,4
DA:12,1
DA:13,1
DA:14,1
DA:15,1
DA:16,1
DA:17,1
DA:18,1
DA:19,1
DA:20,1
DA:21,1
DA:22,3
DA:23,3
DA:24,2
DA:25,4
DA:26,1
DA:27,1
DA:28,1
DA:29,1
DA:30,1
DA:31,1
DA:32,1
DA:33,1
DA:34,1
DA:35,1
DA:36,1
DA:37,1
DA:38,1
DA:39,1
DA:40,1
DA:41,1
DA:42,1
DA:43,1
DA:44,1
DA:45,1
DA:46,1
DA:47,1
DA:48,1
DA:49,1
DA:50,1
DA:51,1
DA:52,1
DA:53,1
DA:54,1
DA:55,4
LF:55
LH:55
BRDA:5,0,0,4
BRDA:7,1,0,4
BRDA:11,2,0,1
BRDA:22,3,0,3
BRDA:24,4,0,2
BRDA:25,5,0,1
BRF:6
BRH:6
end_of_record
TN:
SF:src/user/getUser.ts
FN:4,getUser
FNF:1
FNH:1
FNDA:4,getUser
DA:1,1
DA:2,1
DA:3,1
DA:4,1
DA:5,4
DA:6,4
DA:7,4
DA:8,1
DA:9,1
DA:10,1
DA:11,1
DA:12,1
DA:13,1
DA:14,1
DA:15,1
DA:16,1
DA:17,1
DA:18,3
DA:19,4
DA:20,1
DA:21,1
DA:22,1
DA:23,1
DA:24,1
DA:25,1
DA:26,1
DA:27,1
DA:28,1
DA:29,1
DA:30,1
DA:31,1
DA:32,1
DA:33,1
DA:34,1
DA:35,1
DA:36,1
DA:37,1
DA:38,1
DA:39,1
DA:40,1
DA:41,1
DA:42,1
DA:43,1
DA:44,1
DA:45,1
DA:46,1
DA:47,1
DA:48,1
DA:49,4
LF:49
LH:49
BRDA:4,0,0,4
BRDA:4,1,0,4
BRDA:6,2,0,0
BRDA:7,3,0,1
BRDA:18,4,0,3
BRDA:19,5,0,2
BRDA:19,6,0,1
BRF:7
BRH:6
end_of_record
TN:
SF:src/user/updatePassword.ts
FN:8,updatePassword
FNF:1
FNH:1
FNDA:7,updatePassword
DA:1,1
DA:2,1
DA:3,1
DA:4,1
DA:5,1
DA:6,1
DA:7,1
DA:8,1
DA:9,7
DA:10,7
DA:11,7
DA:12,7
DA:13,7
DA:14,1
DA:15,1
DA:16,1
DA:17,1
DA:18,1
DA:19,1
DA:20,1
DA:21,1
DA:22,1
DA:23,1
DA:24,6
DA:25,7
DA:26,1
DA:27,1
DA:28,1
DA:29,1
DA:30,1
DA:31,1
DA:32,1
DA:33,1
DA:34,4
DA:35,7
DA:36,1
DA:37,1
DA:38,1
DA:39,1
DA:40,1
DA:41,1
DA:42,1
DA:43,1
DA:44,1
DA:45,1
DA:46,7
DA:47,1
DA:48,1
DA:49,1
DA:50,1
DA:51,1
DA:52,1
DA:53,1
DA:54,1
DA:55,1
DA:56,1
DA:57,2
DA:58,7
DA:59,1
DA:60,1
DA:61,1
DA:62,1
DA:63,1
DA:64,1
DA:65,1
DA:66,1
DA:67,1
DA:68,1
DA:69,1
DA:70,1
DA:71,1
DA:72,1
DA:73,1
DA:74,1
DA:75,1
DA:76,1
DA:77,1
DA:78,1
DA:79,1
DA:80,1
DA:81,1
DA:82,1
DA:83,1
DA:84,1
DA:85,1
DA:86,1
DA:87,7
LF:87
LH:87
BRDA:8,0,0,7
BRDA:10,1,0,7
BRDA:13,2,0,6
BRDA:13,3,0,6
BRDA:13,4,0,1
BRDA:24,5,0,6
BRDA:25,6,0,5
BRDA:25,7,0,4
BRDA:25,8,0,1
BRDA:34,9,0,4
BRDA:35,10,0,1
BRDA:46,11,0,3
BRDA:46,12,0,1
BRDA:57,13,0,2
BRDA:58,14,0,1
BRF:15
BRH:15
end_of_record
TN:
SF:src/user/uploadPhoto.ts
FN:6,uploadPhoto
FNF:1
FNH:1
FNDA:5,uploadPhoto
DA:1,1
DA:2,1
DA:3,1
DA:4,1
DA:5,1
DA:6,1
DA:7,5
DA:8,5
DA:9,5
DA:10,5
DA:11,5
DA:12,1
DA:13,1
DA:14,1
DA:15,1
DA:16,1
DA:17,1
DA:18,1
DA:19,1
DA:20,1
DA:21,1
DA:22,4
DA:23,5
DA:24,1
DA:25,1
DA:26,1
DA:27,1
DA:28,1
DA:29,1
DA:30,1
DA:31,1
DA:32,2
DA:33,2
DA:34,5
DA:35,1
DA:36,1
DA:37,1
DA:38,1
DA:39,1
DA:40,1
DA:41,1
DA:42,1
DA:43,1
DA:44,1
DA:45,1
DA:46,1
DA:47,1
DA:48,1
DA:49,1
DA:50,1
DA:51,1
DA:52,1
DA:53,1
DA:54,1
DA:55,1
DA:56,1
DA:57,1
DA:58,1
DA:59,1
DA:60,1
DA:61,1
DA:62,1
DA:63,5
LF:63
LH:63
BRDA:6,0,0,5
BRDA:8,1,0,5
BRDA:11,2,0,4
BRDA:11,3,0,1
BRDA:22,4,0,4
BRDA:23,5,0,3
BRDA:23,6,0,2
BRDA:23,7,0,1
BRDA:32,8,0,2
BRDA:34,9,0,1
BRF:10
BRH:10
end_of_record
TN:
SF:src/user/utils.ts
FN:7,parseBody
FN:39,parseBodyUpdatePhoto
FN:68,parseBodyReturnId
FNF:3
FNH:1
FNDA:3,parseBody
FNDA:0,parseBodyUpdatePhoto
FNDA:0,parseBodyReturnId
DA:1,1
DA:2,1
DA:3,1
DA:4,1
DA:5,1
DA:6,1
DA:7,1
DA:8,3
DA:9,3
DA:10,3
DA:11,3
DA:12,3
DA:13,3
DA:14,2
DA:15,2
DA:16,2
DA:17,2
DA:18,2
DA:19,3
DA:20,1
DA:21,1
DA:22,1
DA:23,1
DA:24,0
DA:25,1
DA:26,0
DA:27,0
DA:28,0
DA:29,0
DA:30,0
DA:31,0
DA:32,3
DA:33,1
DA:34,1
DA:35,1
DA:36,1
DA:37,1
DA:38,1
DA:39,1
DA:40,0
DA:41,0
DA:42,0
DA:43,0
DA:44,0
DA:45,0
DA:46,0
DA:47,0
DA:48,0
DA:49,0
DA:50,0
DA:51,0
DA:52,0
DA:53,0
DA:54,0
DA:55,0
DA:56,0
DA:57,0
DA:58,0
DA:59,0
DA:60,0
DA:61,0
DA:62,0
DA:63,0
DA:64,0
DA:65,0
DA:66,0
DA:67,1
DA:68,1
DA:69,0
DA:70,0
DA:71,0
DA:72,0
DA:73,0
DA:74,0
DA:75,0
DA:76,0
DA:77,0
DA:78,0
DA:79,0
DA:80,0
DA:81,0
DA:82,0
DA:83,0
DA:84,0
DA:85,0
DA:86,0
DA:87,0
DA:88,0
LF:88
LH:34
BRDA:7,0,0,3
BRDA:13,1,0,2
BRDA:14,2,0,0
BRDA:19,3,0,1
BRDA:21,4,0,0
BRDA:22,5,0,0
BRDA:23,6,0,0
BRDA:25,7,0,0
BRDA:32,8,0,1
BRF:9
BRH:4
end_of_record
