TN:
SF:src/index.ts
FN:6,auth
FNF:1
FNH:1
FNDA:4,auth
DA:1,1
DA:2,1
DA:3,1
DA:4,1
DA:5,1
DA:6,1
DA:7,4
DA:8,4
DA:9,4
DA:10,1
DA:11,4
DA:12,1
DA:13,3
DA:14,1
DA:15,1
DA:16,1
DA:17,1
DA:18,1
DA:19,1
DA:20,1
DA:21,1
LF:21
LH:21
BRDA:6,0,0,4
BRDA:6,1,0,4
BRDA:7,2,0,0
BRDA:9,3,0,1
BRDA:9,4,0,1
BRDA:11,5,0,3
BRDA:11,6,0,1
BRDA:11,7,0,1
BRDA:13,8,0,2
BRDA:13,9,0,1
BRDA:13,10,0,1
BRDA:16,11,0,1
BRF:12
BRH:11
end_of_record
TN:
SF:src/auth/login.ts
FN:6,login
FNF:1
FNH:1
FNDA:6,login
DA:1,1
DA:2,1
DA:3,1
DA:4,1
DA:5,1
DA:6,1
DA:7,6
DA:8,6
DA:9,6
DA:10,1
DA:11,1
DA:12,1
DA:13,1
DA:14,1
DA:15,1
DA:16,1
DA:17,1
DA:18,1
DA:19,1
DA:20,5
DA:21,5
DA:22,6
DA:23,1
DA:24,1
DA:25,1
DA:26,1
DA:27,1
DA:28,1
DA:29,1
DA:30,1
DA:31,1
DA:32,1
DA:33,3
DA:34,3
DA:35,6
DA:36,1
DA:37,1
DA:38,1
DA:39,1
DA:40,1
DA:41,1
DA:42,1
DA:43,1
DA:44,2
DA:45,6
DA:46,6
DA:47,1
DA:48,1
DA:49,1
DA:50,1
DA:51,1
DA:52,1
DA:53,1
DA:54,1
DA:55,1
DA:56,1
DA:57,1
DA:58,1
DA:59,1
DA:60,1
DA:61,1
DA:62,1
DA:63,1
DA:64,1
DA:65,1
DA:66,1
DA:67,1
DA:68,1
DA:69,1
DA:70,1
DA:71,1
DA:72,1
DA:73,1
DA:74,1
DA:75,1
DA:76,1
DA:77,1
DA:78,1
DA:79,1
DA:80,1
DA:81,1
DA:82,6
LF:82
LH:82
BRDA:6,0,0,6
BRDA:6,1,0,6
BRDA:9,2,0,5
BRDA:9,3,0,1
BRDA:20,4,0,5
BRDA:22,5,0,4
BRDA:22,6,0,1
BRDA:33,7,0,3
BRDA:35,8,0,1
BRDA:44,9,0,2
BRDA:45,10,0,0
BRDA:45,11,0,2
BRDA:46,12,0,2
BRDA:46,13,0,1
BRF:14
BRH:13
end_of_record
TN:
SF:src/auth/logout.ts
FN:7,logout
FNF:1
FNH:1
FNDA:4,logout
DA:1,1
DA:2,1
DA:3,1
DA:4,1
DA:5,1
DA:6,1
DA:7,1
DA:8,4
DA:9,4
DA:10,4
DA:11,1
DA:12,1
DA:13,1
DA:14,1
DA:15,1
DA:16,1
DA:17,1
DA:18,1
DA:19,3
DA:20,4
DA:21,1
DA:22,1
DA:23,1
DA:24,1
DA:25,1
DA:26,1
DA:27,1
DA:28,1
DA:29,1
DA:30,1
DA:31,1
DA:32,1
DA:33,1
DA:34,1
DA:35,1
DA:36,1
DA:37,1
DA:38,1
DA:39,1
DA:40,1
DA:41,1
DA:42,1
DA:43,1
DA:44,1
DA:45,1
DA:46,1
DA:47,1
DA:48,1
DA:49,1
DA:50,1
DA:51,4
LF:51
LH:51
BRDA:7,0,0,4
BRDA:7,1,0,4
BRDA:9,2,0,0
BRDA:10,3,0,1
BRDA:19,4,0,3
BRDA:20,5,0,2
BRDA:20,6,0,1
BRF:7
BRH:6
end_of_record
TN:
SF:src/auth/register.ts
FN:14,register
FNF:1
FNH:1
FNDA:5,register
DA:1,1
DA:2,1
DA:3,1
DA:4,1
DA:5,1
DA:6,1
DA:7,1
DA:8,1
DA:9,1
DA:10,1
DA:11,1
DA:12,1
DA:13,1
DA:14,1
DA:15,5
DA:16,5
DA:17,5
DA:18,1
DA:19,1
DA:20,1
DA:21,1
DA:22,1
DA:23,1
DA:24,1
DA:25,1
DA:26,1
DA:27,1
DA:28,4
DA:29,4
DA:30,3
DA:31,5
DA:32,1
DA:33,1
DA:34,1
DA:35,1
DA:36,1
DA:37,1
DA:38,1
DA:39,1
DA:40,1
DA:41,1
DA:42,2
DA:43,2
DA:44,2
DA:45,2
DA:46,2
DA:47,2
DA:48,2
DA:49,2
DA:50,2
DA:51,2
DA:52,5
DA:53,1
DA:54,1
DA:55,1
DA:56,1
DA:57,1
DA:58,1
DA:59,1
DA:60,1
DA:61,1
DA:62,1
DA:63,1
DA:64,1
DA:65,1
DA:66,1
DA:67,1
DA:68,1
DA:69,1
DA:70,1
DA:71,1
DA:72,1
DA:73,1
DA:74,1
DA:75,1
DA:76,1
DA:77,1
DA:78,1
DA:79,1
DA:80,1
DA:81,1
DA:82,1
DA:83,5
LF:83
LH:83
BRDA:14,0,0,5
BRDA:14,1,0,5
BRDA:17,2,0,1
BRDA:28,3,0,4
BRDA:30,4,0,3
BRDA:31,5,0,1
BRDA:42,6,0,2
BRDA:52,7,0,1
BRF:8
BRH:8
end_of_record
TN:
SF:src/auth/repository/loginRepo.ts
FN:4,findUser
FN:21,updateUser
FNF:2
FNH:0
FNDA:0,findUser
FNDA:0,updateUser
DA:1,1
DA:2,1
DA:3,1
DA:4,1
DA:5,0
DA:6,0
DA:7,0
DA:8,0
DA:9,0
DA:10,0
DA:11,0
DA:12,0
DA:13,0
DA:14,0
DA:15,0
DA:16,0
DA:17,0
DA:18,0
DA:19,0
DA:20,1
DA:21,1
DA:22,0
DA:23,0
DA:24,0
DA:25,0
DA:26,0
DA:27,0
DA:28,0
DA:29,0
DA:30,0
DA:31,0
DA:32,0
DA:33,0
DA:34,0
DA:35,0
DA:36,0
DA:37,0
DA:38,0
DA:39,0
DA:40,0
DA:41,0
DA:42,0
DA:43,0
DA:44,0
LF:44
LH:6
BRF:0
BRH:0
end_of_record
TN:
SF:src/auth/repository/logoutRepo.ts
FN:4,logoutUserRepo
FNF:1
FNH:0
FNDA:0,logoutUserRepo
DA:1,1
DA:2,1
DA:3,1
DA:4,1
DA:5,0
DA:6,0
DA:7,0
DA:8,0
DA:9,0
DA:10,0
DA:11,0
DA:12,0
DA:13,0
DA:14,0
DA:15,0
DA:16,0
DA:17,0
DA:18,0
DA:19,0
DA:20,0
DA:21,0
DA:22,0
DA:23,0
DA:24,0
DA:25,0
DA:26,0
DA:27,0
DA:28,0
DA:29,0
LF:29
LH:4
BRF:0
BRH:0
end_of_record
TN:
SF:src/auth/repository/registerRepo.ts
FN:6,putTrainer
FN:22,registerUser
FN:88,checkEmail
FNF:3
FNH:0
FNDA:0,putTrainer
FNDA:0,registerUser
FNDA:0,checkEmail
DA:1,1
DA:2,1
DA:3,1
DA:4,1
DA:5,1
DA:6,1
DA:7,0
DA:8,0
DA:9,0
DA:10,0
DA:11,0
DA:12,0
DA:13,0
DA:14,0
DA:15,0
DA:16,0
DA:17,0
DA:18,0
DA:19,0
DA:20,0
DA:21,1
DA:22,1
DA:23,0
DA:24,0
DA:25,0
DA:26,0
DA:27,0
DA:28,0
DA:29,0
DA:30,0
DA:31,0
DA:32,0
DA:33,0
DA:34,0
DA:35,0
DA:36,0
DA:37,0
DA:38,0
DA:39,0
DA:40,0
DA:41,0
DA:42,0
DA:43,0
DA:44,0
DA:45,0
DA:46,0
DA:47,0
DA:48,0
DA:49,0
DA:50,0
DA:51,0
DA:52,0
DA:53,0
DA:54,0
DA:55,0
DA:56,0
DA:57,0
DA:58,0
DA:59,0
DA:60,0
DA:61,0
DA:62,0
DA:63,0
DA:64,0
DA:65,0
DA:66,0
DA:67,0
DA:68,0
DA:69,0
DA:70,0
DA:71,0
DA:72,0
DA:73,0
DA:74,0
DA:75,0
DA:76,0
DA:77,0
DA:78,0
DA:79,0
DA:80,0
DA:81,0
DA:82,0
DA:83,0
DA:84,0
DA:85,0
DA:86,0
DA:87,1
DA:88,1
DA:89,0
DA:90,0
DA:91,0
DA:92,0
DA:93,0
DA:94,0
DA:95,0
DA:96,0
DA:97,0
DA:98,0
DA:99,0
DA:100,0
DA:101,0
DA:102,0
DA:103,0
DA:104,0
DA:105,0
DA:106,0
DA:107,0
DA:108,0
DA:109,0
LF:109
LH:10
BRF:0
BRH:0
end_of_record
TN:
SF:src/auth/utils/utils.ts
FN:3,parseBody
FN:13,checkRequestBody
FN:27,hasRequiredProperties
FN:34,parseRequestBody
FN:55,generateUserName
FN:62,generatePass
FN:75,parseLoginBody
FNF:7
FNH:5
FNDA:0,parseBody
FNDA:5,checkRequestBody
FNDA:5,hasRequiredProperties
FNDA:0,parseRequestBody
FNDA:1,generateUserName
FNDA:1,generatePass
FNDA:6,parseLoginBody
DA:1,1
DA:2,1
DA:3,1
DA:4,0
DA:5,0
DA:6,0
DA:7,0
DA:8,0
DA:9,0
DA:10,0
DA:11,0
DA:12,1
DA:13,5
DA:14,5
DA:15,5
DA:16,2
DA:17,2
DA:18,2
DA:19,2
DA:20,2
DA:21,2
DA:22,2
DA:23,2
DA:24,2
DA:25,5
DA:26,1
DA:27,5
DA:28,5
DA:29,5
DA:30,17
DA:31,17
DA:32,3
DA:33,3
DA:34,0
DA:35,0
DA:36,0
DA:37,0
DA:38,0
DA:39,0
DA:40,0
DA:41,0
DA:42,0
DA:43,0
DA:44,0
DA:45,0
DA:46,0
DA:47,0
DA:48,0
DA:49,0
DA:50,0
DA:51,0
DA:52,0
DA:53,0
DA:54,1
DA:55,1
DA:56,1
DA:57,1
DA:58,1
DA:59,1
DA:60,1
DA:61,1
DA:62,1
DA:63,1
DA:64,1
DA:65,1
DA:66,1
DA:67,1
DA:68,1
DA:69,1
DA:70,1
DA:71,1
DA:72,1
DA:73,1
DA:74,1
DA:75,1
DA:76,6
DA:77,6
DA:78,6
DA:79,6
DA:80,6
DA:81,5
DA:82,5
DA:83,5
DA:84,5
DA:85,6
DA:86,1
DA:87,1
DA:88,1
DA:89,0
DA:90,1
DA:91,0
DA:92,0
DA:93,0
DA:94,0
DA:95,1
DA:96,1
DA:97,1
LF:97
LH:64
BRDA:13,0,0,5
BRDA:14,1,0,1
BRDA:15,2,0,4
BRDA:15,3,0,2
BRDA:27,4,0,5
BRDA:28,5,0,0
BRDA:29,6,0,17
BRDA:30,7,0,2
BRDA:32,8,0,3
BRDA:55,9,0,1
BRDA:62,10,0,1
BRDA:75,11,0,6
BRDA:80,12,0,5
BRDA:81,13,0,0
BRDA:85,14,0,1
BRDA:86,15,0,0
BRDA:87,16,0,0
BRDA:88,17,0,0
BRDA:90,18,0,0
BRF:19
BRH:13
end_of_record
